2023-06-29 08:17:57,046 INFO org.springframework.boot.StartupInfoLogger [main] Starting Application using Java 19 on DESKTOP-QGRHFG2 with PID 684 (C:\skillbox\diplom\searchengine\target\classes started by voroj in C:\skillbox\diplom\searchengine)
2023-06-29 08:17:57,057 INFO org.springframework.boot.SpringApplication [main] No active profile set, falling back to 1 default profile: "default"
2023-06-29 08:18:04,693 INFO org.springframework.data.repository.config.RepositoryConfigurationDelegate [main] Bootstrapping Spring Data JPA repositories in DEFAULT mode.
2023-06-29 08:18:05,081 INFO org.springframework.data.repository.config.RepositoryConfigurationDelegate [main] Finished Spring Data repository scanning in 351 ms. Found 5 JPA repository interfaces.
2023-06-29 08:18:10,581 INFO org.springframework.boot.web.embedded.tomcat.TomcatWebServer [main] Tomcat initialized with port(s): 8080 (http)
2023-06-29 08:18:10,680 INFO org.apache.juli.logging.DirectJDKLog [main] Initializing ProtocolHandler ["http-nio-8080"]
2023-06-29 08:18:10,681 INFO org.apache.juli.logging.DirectJDKLog [main] Starting service [Tomcat]
2023-06-29 08:18:10,682 INFO org.apache.juli.logging.DirectJDKLog [main] Starting Servlet engine: [Apache Tomcat/9.0.64]
2023-06-29 08:18:11,378 INFO org.apache.juli.logging.DirectJDKLog [main] Initializing Spring embedded WebApplicationContext
2023-06-29 08:18:11,379 INFO org.springframework.boot.web.servlet.context.ServletWebServerApplicationContext [main] Root WebApplicationContext: initialization completed in 13875 ms
2023-06-29 08:18:13,104 INFO org.hibernate.jpa.internal.util.LogHelper [main] HHH000204: Processing PersistenceUnitInfo [name: default]
2023-06-29 08:18:13,588 INFO org.hibernate.Version [main] HHH000412: Hibernate ORM core version 5.6.9.Final
2023-06-29 08:18:14,201 INFO org.hibernate.annotations.common.reflection.java.JavaReflectionManager [main] HCANN000001: Hibernate Commons Annotations {5.1.2.Final}
2023-06-29 08:18:14,575 INFO com.zaxxer.hikari.HikariDataSource [main] HikariPool-1 - Starting...
2023-06-29 08:18:15,579 INFO com.zaxxer.hikari.HikariDataSource [main] HikariPool-1 - Start completed.
2023-06-29 08:18:15,674 INFO org.hibernate.dialect.Dialect [main] HHH000400: Using dialect: org.hibernate.dialect.MySQL8Dialect
2023-06-29 08:18:22,859 INFO org.hibernate.engine.transaction.jta.platform.internal.JtaPlatformInitiator [main] HHH000490: Using JtaPlatform implementation: [org.hibernate.engine.transaction.jta.platform.internal.NoJtaPlatform]
2023-06-29 08:18:22,873 INFO org.springframework.orm.jpa.AbstractEntityManagerFactoryBean [main] Initialized JPA EntityManagerFactory for persistence unit 'default'
2023-06-29 08:18:25,203 WARN org.springframework.boot.autoconfigure.orm.jpa.JpaBaseConfiguration$JpaWebConfiguration [main] spring.jpa.open-in-view is enabled by default. Therefore, database queries may be performed during view rendering. Explicitly configure spring.jpa.open-in-view to disable this warning
2023-06-29 08:18:25,782 INFO org.springframework.boot.autoconfigure.web.servlet.WelcomePageHandlerMapping [main] Adding welcome page template: index
2023-06-29 08:18:26,469 INFO org.apache.juli.logging.DirectJDKLog [main] Starting ProtocolHandler ["http-nio-8080"]
2023-06-29 08:18:26,586 INFO org.springframework.boot.web.embedded.tomcat.TomcatWebServer [main] Tomcat started on port(s): 8080 (http) with context path ''
2023-06-29 08:18:26,606 INFO org.springframework.boot.StartupInfoLogger [main] Started Application in 32.458 seconds (JVM running for 40.142)
2023-06-29 08:19:35,624 INFO org.apache.juli.logging.DirectJDKLog [http-nio-8080-exec-1] Initializing Spring DispatcherServlet 'dispatcherServlet'
2023-06-29 08:19:35,625 INFO org.springframework.web.servlet.FrameworkServlet [http-nio-8080-exec-1] Initializing Servlet 'dispatcherServlet'
2023-06-29 08:19:35,628 INFO org.springframework.web.servlet.FrameworkServlet [http-nio-8080-exec-1] Completed initialization in 2 ms
2023-06-29 08:19:38,444 INFO searchengine.services.implementation.StatisticsServiceImpl [http-nio-8080-exec-7] Получение статистики.
2023-06-29 08:20:15,033 INFO org.springframework.orm.jpa.AbstractEntityManagerFactoryBean [SpringApplicationShutdownHook] Closing JPA EntityManagerFactory for persistence unit 'default'
2023-06-29 08:20:15,044 INFO com.zaxxer.hikari.HikariDataSource [SpringApplicationShutdownHook] HikariPool-1 - Shutdown initiated...
2023-06-29 08:20:15,108 INFO com.zaxxer.hikari.HikariDataSource [SpringApplicationShutdownHook] HikariPool-1 - Shutdown completed.
2023-06-29 10:10:12,099 INFO org.springframework.boot.StartupInfoLogger [main] Starting Application using Java 19 on DESKTOP-QGRHFG2 with PID 14552 (C:\skillbox\diplom\searchengine\target\classes started by voroj in C:\skillbox\diplom\searchengine)
2023-06-29 10:10:12,125 INFO org.springframework.boot.SpringApplication [main] No active profile set, falling back to 1 default profile: "default"
2023-06-29 10:10:14,475 INFO org.springframework.data.repository.config.RepositoryConfigurationDelegate [main] Bootstrapping Spring Data JPA repositories in DEFAULT mode.
2023-06-29 10:10:14,750 INFO org.springframework.data.repository.config.RepositoryConfigurationDelegate [main] Finished Spring Data repository scanning in 250 ms. Found 5 JPA repository interfaces.
2023-06-29 10:10:16,635 INFO org.springframework.boot.web.embedded.tomcat.TomcatWebServer [main] Tomcat initialized with port(s): 8080 (http)
2023-06-29 10:10:16,693 INFO org.apache.juli.logging.DirectJDKLog [main] Initializing ProtocolHandler ["http-nio-8080"]
2023-06-29 10:10:16,694 INFO org.apache.juli.logging.DirectJDKLog [main] Starting service [Tomcat]
2023-06-29 10:10:16,695 INFO org.apache.juli.logging.DirectJDKLog [main] Starting Servlet engine: [Apache Tomcat/9.0.64]
2023-06-29 10:10:17,126 INFO org.apache.juli.logging.DirectJDKLog [main] Initializing Spring embedded WebApplicationContext
2023-06-29 10:10:17,127 INFO org.springframework.boot.web.servlet.context.ServletWebServerApplicationContext [main] Root WebApplicationContext: initialization completed in 4847 ms
2023-06-29 10:10:17,840 INFO org.hibernate.jpa.internal.util.LogHelper [main] HHH000204: Processing PersistenceUnitInfo [name: default]
2023-06-29 10:10:17,996 INFO org.hibernate.Version [main] HHH000412: Hibernate ORM core version 5.6.9.Final
2023-06-29 10:10:18,600 INFO org.hibernate.annotations.common.reflection.java.JavaReflectionManager [main] HCANN000001: Hibernate Commons Annotations {5.1.2.Final}
2023-06-29 10:10:18,821 INFO com.zaxxer.hikari.HikariDataSource [main] HikariPool-1 - Starting...
2023-06-29 10:10:19,435 INFO com.zaxxer.hikari.HikariDataSource [main] HikariPool-1 - Start completed.
2023-06-29 10:10:19,586 INFO org.hibernate.dialect.Dialect [main] HHH000400: Using dialect: org.hibernate.dialect.MySQL8Dialect
2023-06-29 10:10:21,754 INFO org.hibernate.engine.transaction.jta.platform.internal.JtaPlatformInitiator [main] HHH000490: Using JtaPlatform implementation: [org.hibernate.engine.transaction.jta.platform.internal.NoJtaPlatform]
2023-06-29 10:10:21,775 INFO org.springframework.orm.jpa.AbstractEntityManagerFactoryBean [main] Initialized JPA EntityManagerFactory for persistence unit 'default'
2023-06-29 10:10:23,242 WARN org.springframework.boot.autoconfigure.orm.jpa.JpaBaseConfiguration$JpaWebConfiguration [main] spring.jpa.open-in-view is enabled by default. Therefore, database queries may be performed during view rendering. Explicitly configure spring.jpa.open-in-view to disable this warning
2023-06-29 10:10:23,585 INFO org.springframework.boot.autoconfigure.web.servlet.WelcomePageHandlerMapping [main] Adding welcome page template: index
2023-06-29 10:10:24,104 INFO org.apache.juli.logging.DirectJDKLog [main] Starting ProtocolHandler ["http-nio-8080"]
2023-06-29 10:10:24,170 INFO org.springframework.boot.web.embedded.tomcat.TomcatWebServer [main] Tomcat started on port(s): 8080 (http) with context path ''
2023-06-29 10:10:24,189 INFO org.springframework.boot.StartupInfoLogger [main] Started Application in 14.451 seconds (JVM running for 16.837)
2023-06-29 10:10:35,158 INFO org.apache.juli.logging.DirectJDKLog [http-nio-8080-exec-1] Initializing Spring DispatcherServlet 'dispatcherServlet'
2023-06-29 10:10:35,158 INFO org.springframework.web.servlet.FrameworkServlet [http-nio-8080-exec-1] Initializing Servlet 'dispatcherServlet'
2023-06-29 10:10:35,160 INFO org.springframework.web.servlet.FrameworkServlet [http-nio-8080-exec-1] Completed initialization in 1 ms
2023-06-29 10:10:35,916 INFO searchengine.services.implementation.StatisticsServiceImpl [http-nio-8080-exec-2] Получение статистики.
2023-06-29 10:16:44,276 INFO searchengine.services.implementation.StatisticsServiceImpl [http-nio-8080-exec-6] Получение статистики.
2023-06-29 10:17:01,306 INFO org.springframework.orm.jpa.AbstractEntityManagerFactoryBean [SpringApplicationShutdownHook] Closing JPA EntityManagerFactory for persistence unit 'default'
2023-06-29 10:17:01,310 INFO com.zaxxer.hikari.HikariDataSource [SpringApplicationShutdownHook] HikariPool-1 - Shutdown initiated...
2023-06-29 10:17:01,337 INFO com.zaxxer.hikari.HikariDataSource [SpringApplicationShutdownHook] HikariPool-1 - Shutdown completed.
2023-06-29 10:17:08,954 INFO org.springframework.boot.StartupInfoLogger [main] Starting Application using Java 19 on DESKTOP-QGRHFG2 with PID 9968 (C:\skillbox\diplom\searchengine\target\classes started by voroj in C:\skillbox\diplom\searchengine)
2023-06-29 10:17:08,966 INFO org.springframework.boot.SpringApplication [main] No active profile set, falling back to 1 default profile: "default"
2023-06-29 10:17:10,734 INFO org.springframework.data.repository.config.RepositoryConfigurationDelegate [main] Bootstrapping Spring Data JPA repositories in DEFAULT mode.
2023-06-29 10:17:11,013 INFO org.springframework.data.repository.config.RepositoryConfigurationDelegate [main] Finished Spring Data repository scanning in 245 ms. Found 5 JPA repository interfaces.
2023-06-29 10:17:12,517 INFO org.springframework.boot.web.embedded.tomcat.TomcatWebServer [main] Tomcat initialized with port(s): 8080 (http)
2023-06-29 10:17:12,543 INFO org.apache.juli.logging.DirectJDKLog [main] Initializing ProtocolHandler ["http-nio-8080"]
2023-06-29 10:17:12,545 INFO org.apache.juli.logging.DirectJDKLog [main] Starting service [Tomcat]
2023-06-29 10:17:12,546 INFO org.apache.juli.logging.DirectJDKLog [main] Starting Servlet engine: [Apache Tomcat/9.0.64]
2023-06-29 10:17:12,857 INFO org.apache.juli.logging.DirectJDKLog [main] Initializing Spring embedded WebApplicationContext
2023-06-29 10:17:12,858 INFO org.springframework.boot.web.servlet.context.ServletWebServerApplicationContext [main] Root WebApplicationContext: initialization completed in 3737 ms
2023-06-29 10:17:13,442 INFO org.hibernate.jpa.internal.util.LogHelper [main] HHH000204: Processing PersistenceUnitInfo [name: default]
2023-06-29 10:17:13,564 INFO org.hibernate.Version [main] HHH000412: Hibernate ORM core version 5.6.9.Final
2023-06-29 10:17:13,972 INFO org.hibernate.annotations.common.reflection.java.JavaReflectionManager [main] HCANN000001: Hibernate Commons Annotations {5.1.2.Final}
2023-06-29 10:17:14,202 INFO com.zaxxer.hikari.HikariDataSource [main] HikariPool-1 - Starting...
2023-06-29 10:17:14,574 INFO com.zaxxer.hikari.HikariDataSource [main] HikariPool-1 - Start completed.
2023-06-29 10:17:14,614 INFO org.hibernate.dialect.Dialect [main] HHH000400: Using dialect: org.hibernate.dialect.MySQL8Dialect
2023-06-29 10:17:16,798 INFO org.hibernate.engine.transaction.jta.platform.internal.JtaPlatformInitiator [main] HHH000490: Using JtaPlatform implementation: [org.hibernate.engine.transaction.jta.platform.internal.NoJtaPlatform]
2023-06-29 10:17:16,813 INFO org.springframework.orm.jpa.AbstractEntityManagerFactoryBean [main] Initialized JPA EntityManagerFactory for persistence unit 'default'
2023-06-29 10:17:18,148 WARN org.springframework.boot.autoconfigure.orm.jpa.JpaBaseConfiguration$JpaWebConfiguration [main] spring.jpa.open-in-view is enabled by default. Therefore, database queries may be performed during view rendering. Explicitly configure spring.jpa.open-in-view to disable this warning
2023-06-29 10:17:18,490 INFO org.springframework.boot.autoconfigure.web.servlet.WelcomePageHandlerMapping [main] Adding welcome page template: index
2023-06-29 10:17:18,905 INFO org.apache.juli.logging.DirectJDKLog [main] Starting ProtocolHandler ["http-nio-8080"]
2023-06-29 10:17:18,949 INFO org.springframework.boot.web.embedded.tomcat.TomcatWebServer [main] Tomcat started on port(s): 8080 (http) with context path ''
2023-06-29 10:17:18,969 INFO org.springframework.boot.StartupInfoLogger [main] Started Application in 11.319 seconds (JVM running for 12.57)
2023-06-29 10:17:47,022 INFO org.apache.juli.logging.DirectJDKLog [http-nio-8080-exec-1] Initializing Spring DispatcherServlet 'dispatcherServlet'
2023-06-29 10:17:47,028 INFO org.springframework.web.servlet.FrameworkServlet [http-nio-8080-exec-1] Initializing Servlet 'dispatcherServlet'
2023-06-29 10:17:47,035 INFO org.springframework.web.servlet.FrameworkServlet [http-nio-8080-exec-1] Completed initialization in 6 ms
2023-06-29 10:17:47,842 INFO searchengine.services.implementation.StatisticsServiceImpl [http-nio-8080-exec-2] Получение статистики.
2023-06-29 11:19:18,737 INFO searchengine.services.implementation.StatisticsServiceImpl [http-nio-8080-exec-6] Получение статистики.
2023-06-29 11:19:26,392 INFO searchengine.services.implementation.StatisticsServiceImpl [http-nio-8080-exec-8] Получение статистики.
2023-06-29 11:19:31,999 INFO org.springframework.orm.jpa.AbstractEntityManagerFactoryBean [SpringApplicationShutdownHook] Closing JPA EntityManagerFactory for persistence unit 'default'
2023-06-29 11:19:32,097 INFO com.zaxxer.hikari.HikariDataSource [SpringApplicationShutdownHook] HikariPool-1 - Shutdown initiated...
2023-06-29 11:19:32,104 INFO com.zaxxer.hikari.HikariDataSource [SpringApplicationShutdownHook] HikariPool-1 - Shutdown completed.
2023-06-29 15:37:52,158 INFO org.springframework.boot.StartupInfoLogger [main] Starting Application using Java 19 on DESKTOP-QGRHFG2 with PID 14616 (C:\skillbox\diplom\searchengine\target\classes started by voroj in C:\skillbox\diplom\searchengine)
2023-06-29 15:37:52,180 INFO org.springframework.boot.SpringApplication [main] No active profile set, falling back to 1 default profile: "default"
2023-06-29 15:37:54,640 INFO org.springframework.data.repository.config.RepositoryConfigurationDelegate [main] Bootstrapping Spring Data JPA repositories in DEFAULT mode.
2023-06-29 15:37:54,968 INFO org.springframework.data.repository.config.RepositoryConfigurationDelegate [main] Finished Spring Data repository scanning in 300 ms. Found 5 JPA repository interfaces.
2023-06-29 15:37:56,493 INFO org.springframework.boot.web.embedded.tomcat.TomcatWebServer [main] Tomcat initialized with port(s): 8080 (http)
2023-06-29 15:37:56,510 INFO org.apache.juli.logging.DirectJDKLog [main] Initializing ProtocolHandler ["http-nio-8080"]
2023-06-29 15:37:56,512 INFO org.apache.juli.logging.DirectJDKLog [main] Starting service [Tomcat]
2023-06-29 15:37:56,513 INFO org.apache.juli.logging.DirectJDKLog [main] Starting Servlet engine: [Apache Tomcat/9.0.64]
2023-06-29 15:37:56,765 INFO org.apache.juli.logging.DirectJDKLog [main] Initializing Spring embedded WebApplicationContext
2023-06-29 15:37:56,765 INFO org.springframework.boot.web.servlet.context.ServletWebServerApplicationContext [main] Root WebApplicationContext: initialization completed in 4452 ms
2023-06-29 15:37:57,369 INFO org.hibernate.jpa.internal.util.LogHelper [main] HHH000204: Processing PersistenceUnitInfo [name: default]
2023-06-29 15:37:57,467 INFO org.hibernate.Version [main] HHH000412: Hibernate ORM core version 5.6.9.Final
2023-06-29 15:37:57,801 INFO org.hibernate.annotations.common.reflection.java.JavaReflectionManager [main] HCANN000001: Hibernate Commons Annotations {5.1.2.Final}
2023-06-29 15:37:58,035 INFO com.zaxxer.hikari.HikariDataSource [main] HikariPool-1 - Starting...
2023-06-29 15:37:58,493 INFO com.zaxxer.hikari.HikariDataSource [main] HikariPool-1 - Start completed.
2023-06-29 15:37:58,771 INFO org.hibernate.dialect.Dialect [main] HHH000400: Using dialect: org.hibernate.dialect.MySQL8Dialect
2023-06-29 15:38:03,218 INFO org.hibernate.engine.transaction.jta.platform.internal.JtaPlatformInitiator [main] HHH000490: Using JtaPlatform implementation: [org.hibernate.engine.transaction.jta.platform.internal.NoJtaPlatform]
2023-06-29 15:38:03,249 INFO org.springframework.orm.jpa.AbstractEntityManagerFactoryBean [main] Initialized JPA EntityManagerFactory for persistence unit 'default'
2023-06-29 15:38:06,249 WARN org.springframework.boot.autoconfigure.orm.jpa.JpaBaseConfiguration$JpaWebConfiguration [main] spring.jpa.open-in-view is enabled by default. Therefore, database queries may be performed during view rendering. Explicitly configure spring.jpa.open-in-view to disable this warning
2023-06-29 15:38:06,643 INFO org.springframework.boot.autoconfigure.web.servlet.WelcomePageHandlerMapping [main] Adding welcome page template: index
2023-06-29 15:38:07,395 INFO org.apache.juli.logging.DirectJDKLog [main] Starting ProtocolHandler ["http-nio-8080"]
2023-06-29 15:38:07,509 INFO org.springframework.boot.web.embedded.tomcat.TomcatWebServer [main] Tomcat started on port(s): 8080 (http) with context path ''
2023-06-29 15:38:07,551 INFO org.springframework.boot.StartupInfoLogger [main] Started Application in 16.674 seconds (JVM running for 18.128)
2023-06-29 15:38:09,534 INFO org.apache.juli.logging.DirectJDKLog [http-nio-8080-exec-1] Initializing Spring DispatcherServlet 'dispatcherServlet'
2023-06-29 15:38:09,535 INFO org.springframework.web.servlet.FrameworkServlet [http-nio-8080-exec-1] Initializing Servlet 'dispatcherServlet'
2023-06-29 15:38:09,539 INFO org.springframework.web.servlet.FrameworkServlet [http-nio-8080-exec-1] Completed initialization in 3 ms
2023-06-29 15:38:10,936 INFO searchengine.services.implementation.StatisticsServiceImpl [http-nio-8080-exec-2] Получение статистики.
2023-06-29 15:40:38,571 INFO org.springframework.orm.jpa.AbstractEntityManagerFactoryBean [SpringApplicationShutdownHook] Closing JPA EntityManagerFactory for persistence unit 'default'
2023-06-29 15:40:38,592 INFO com.zaxxer.hikari.HikariDataSource [SpringApplicationShutdownHook] HikariPool-1 - Shutdown initiated...
2023-06-29 15:40:38,616 INFO com.zaxxer.hikari.HikariDataSource [SpringApplicationShutdownHook] HikariPool-1 - Shutdown completed.
